Ligne 80: La classe MSComctlLib.ListView du contrôle List_DetailsRp n'est pas une classe de contrôle chargée.
Ligne 126: La classe MSComctlLib.ListView du contrôle List_detailRp n'est pas une classe de contrôle chargée.
Ligne 493: La classe MSComctlLib.ListView du contrôle Lsv_DetailsFT n'est pas une classe de contrôle chargée.
Ligne 920: La classe MSComctlLib.ListView du contrôle Lsv_Details n'est pas une classe de contrôle chargée.
Ligne 86: Le nom de la propriété _ExtentX dans List_DetailsRp est incorrect.
Ligne 87: Le nom de la propriété _ExtentY dans List_DetailsRp est incorrect.
Ligne 88: Le nom de la propriété View dans List_DetailsRp est incorrect.
Ligne 89: Le nom de la propriété LabelEdit dans List_DetailsRp est incorrect.
Ligne 90: Le nom de la propriété MultiSelect dans List_DetailsRp est incorrect.
Ligne 91: Le nom de la propriété LabelWrap dans List_DetailsRp est incorrect.
Ligne 92: Le nom de la propriété HideSelection dans List_DetailsRp est incorrect.
Ligne 93: Le nom de la propriété FullRowSelect dans List_DetailsRp est incorrect.
Ligne 94: Le nom de la propriété GridLines dans List_DetailsRp est incorrect.
Ligne 95: Le nom de la propriété _Version dans List_DetailsRp est incorrect.
Ligne 108: Le nom de la propriété NumItems dans List_DetailsRp est incorrect.
Ligne 112: Le nom de la propriété ColumnHeader(1) dans List_DetailsRp est incorrect.
Ligne 117: Le nom de la propriété ColumnHeader(2) dans List_DetailsRp est incorrect.
Ligne 124: Le nom de la propriété ColumnHeader(3) dans List_DetailsRp est incorrect.
Ligne 132: Le nom de la propriété _ExtentX dans List_detailRp est incorrect.
Ligne 133: Le nom de la propriété _ExtentY dans List_detailRp est incorrect.
Ligne 134: Le nom de la propriété View dans List_detailRp est incorrect.
Ligne 135: Le nom de la propriété LabelEdit dans List_detailRp est incorrect.
Ligne 136: Le nom de la propriété MultiSelect dans List_detailRp est incorrect.
Ligne 137: Le nom de la propriété LabelWrap dans List_detailRp est incorrect.
Ligne 138: Le nom de la propriété HideSelection dans List_detailRp est incorrect.
Ligne 139: Le nom de la propriété FullRowSelect dans List_detailRp est incorrect.
Ligne 140: Le nom de la propriété GridLines dans List_detailRp est incorrect.
Ligne 141: Le nom de la propriété _Version dans List_detailRp est incorrect.
Ligne 154: Le nom de la propriété NumItems dans List_detailRp est incorrect.
Ligne 158: Le nom de la propriété ColumnHeader(1) dans List_detailRp est incorrect.
Ligne 163: Le nom de la propriété ColumnHeader(2) dans List_detailRp est incorrect.
Ligne 168: Le nom de la propriété ColumnHeader(3) dans List_detailRp est incorrect.
Ligne 173: Le nom de la propriété ColumnHeader(4) dans List_detailRp est incorrect.
Ligne 179: Le nom de la propriété ColumnHeader(5) dans List_detailRp est incorrect.
Ligne 185: Le nom de la propriété ColumnHeader(6) dans List_detailRp est incorrect.
Ligne 499: Le nom de la propriété _ExtentX dans Lsv_DetailsFT est incorrect.
Ligne 500: Le nom de la propriété _ExtentY dans Lsv_DetailsFT est incorrect.
Ligne 501: Le nom de la propriété View dans Lsv_DetailsFT est incorrect.
Ligne 502: Le nom de la propriété LabelEdit dans Lsv_DetailsFT est incorrect.
Ligne 503: Le nom de la propriété MultiSelect dans Lsv_DetailsFT est incorrect.
Ligne 504: Le nom de la propriété LabelWrap dans Lsv_DetailsFT est incorrect.
Ligne 505: Le nom de la propriété HideSelection dans Lsv_DetailsFT est incorrect.
Ligne 506: Le nom de la propriété FullRowSelect dans Lsv_DetailsFT est incorrect.
Ligne 507: Le nom de la propriété GridLines dans Lsv_DetailsFT est incorrect.
Ligne 508: Le nom de la propriété _Version dans Lsv_DetailsFT est incorrect.
Ligne 521: Le nom de la propriété NumItems dans Lsv_DetailsFT est incorrect.
Ligne 525: Le nom de la propriété ColumnHeader(1) dans Lsv_DetailsFT est incorrect.
Ligne 530: Le nom de la propriété ColumnHeader(2) dans Lsv_DetailsFT est incorrect.
Ligne 535: Le nom de la propriété ColumnHeader(3) dans Lsv_DetailsFT est incorrect.
Ligne 540: Le nom de la propriété ColumnHeader(4) dans Lsv_DetailsFT est incorrect.
Ligne 545: Le nom de la propriété ColumnHeader(5) dans Lsv_DetailsFT est incorrect.
Ligne 926: Le nom de la propriété _ExtentX dans Lsv_Details est incorrect.
Ligne 927: Le nom de la propriété _ExtentY dans Lsv_Details est incorrect.
Ligne 928: Le nom de la propriété View dans Lsv_Details est incorrect.
Ligne 929: Le nom de la propriété LabelEdit dans Lsv_Details est incorrect.
Ligne 930: Le nom de la propriété MultiSelect dans Lsv_Details est incorrect.
Ligne 931: Le nom de la propriété LabelWrap dans Lsv_Details est incorrect.
Ligne 932: Le nom de la propriété HideSelection dans Lsv_Details est incorrect.
Ligne 933: Le nom de la propriété FullRowSelect dans Lsv_Details est incorrect.
Ligne 934: Le nom de la propriété GridLines dans Lsv_Details est incorrect.
Ligne 935: Le nom de la propriété _Version dans Lsv_Details est incorrect.
Ligne 948: Le nom de la propriété NumItems dans Lsv_Details est incorrect.
Ligne 952: Le nom de la propriété ColumnHeader(1) dans Lsv_Details est incorrect.
Ligne 958: Le nom de la propriété ColumnHeader(2) dans Lsv_Details est incorrect.
Ligne 964: Le nom de la propriété ColumnHeader(3) dans Lsv_Details est incorrect.
Ligne 970: Le nom de la propriété ColumnHeader(4) dans Lsv_Details est incorrect.
Ligne 976: Le nom de la propriété ColumnHeader(5) dans Lsv_Details est incorrect.
Ligne 982: Le nom de la propriété ColumnHeader(6) dans Lsv_Details est incorrect.
