Ligne 20: La classe TabDlg.SSTab du contrôle Tab_FindView2 n'est pas une classe de contrôle chargée.
Ligne 48: La classe MSComCtl2.DTPicker du contrôle Cda_FinConge n'est pas une classe de contrôle chargée.
Ligne 70: La classe MSComCtl2.DTPicker du contrôle Cda_DebutConge n'est pas une classe de contrôle chargée.
Ligne 92: La classe SToolBox.SBiCombo du contrôle Cbo_CondConge n'est pas une classe de contrôle chargée.
Ligne 212: La classe TabDlg.SSTab du contrôle Tab_FindView1 n'est pas une classe de contrôle chargée.
Ligne 245: La classe SToolBox.SCheckBox du contrôle ChBox_Supprimer n'est pas une classe de contrôle chargée.
Ligne 266: La classe MSComCtl2.DTPicker du contrôle Cda_FinPgHT n'est pas une classe de contrôle chargée.
Ligne 288: La classe MSComCtl2.DTPicker du contrôle Cda_DebutPgHT n'est pas une classe de contrôle chargée.
Ligne 310: La classe SToolBox.SBiCombo du contrôle Cbo_CondPgHT n'est pas une classe de contrôle chargée.
Ligne 457: La classe MSComCtl2.DTPicker du contrôle Cda_FinPgHF n'est pas une classe de contrôle chargée.
Ligne 479: La classe MSComCtl2.DTPicker du contrôle Cda_DebutPgHF n'est pas une classe de contrôle chargée.
Ligne 502: La classe SToolBox.SBiCombo du contrôle Cbo_CondPgHF n'est pas une classe de contrôle chargée.
Ligne 621: La classe TabDlg.SSTab du contrôle Tab_FindView n'est pas une classe de contrôle chargée.
Ligne 654: La classe MSComCtl2.DTPicker du contrôle Cda_FinSPLNG_TG n'est pas une classe de contrôle chargée.
Ligne 676: La classe MSComCtl2.DTPicker du contrôle Cda_DebutSPLNG_TG n'est pas une classe de contrôle chargée.
Ligne 698: La classe SToolBox.SBiCombo du contrôle Cbo_CondSPLNG_TG n'est pas une classe de contrôle chargée.
Ligne 718: La classe SToolBox.SBiCombo du contrôle Cbo_DestSPLNG_TG n'est pas une classe de contrôle chargée.
Ligne 846: La classe MSComCtl2.DTPicker du contrôle Cda_FinSPLNG n'est pas une classe de contrôle chargée.
Ligne 868: La classe MSComCtl2.DTPicker du contrôle Cda_DebutSPLNG n'est pas une classe de contrôle chargée.
Ligne 890: La classe SToolBox.SBiCombo du contrôle Cbo_CondSPLNG n'est pas une classe de contrôle chargée.
Ligne 910: La classe SToolBox.SBiCombo du contrôle Cbo_DestSPLNG n'est pas une classe de contrôle chargée.
Ligne 1121: La classe SToolBox.SGrid du contrôle Grid_FindView n'est pas une classe de contrôle chargée.
