Ligne 15: La classe SToolBox.SCommand du contrôle Cmd_suivt n'est pas une classe de contrôle chargée.
Ligne 66: La classe SToolBox.STimeBox du contrôle Txt_Heurentre n'est pas une classe de contrôle chargée.
Ligne 97: La classe SToolBox.SOptionButton du contrôle OptSoir n'est pas une classe de contrôle chargée.
Ligne 118: La classe SToolBox.SOptionButton du contrôle Opt_Matin n'est pas une classe de contrôle chargée.
Ligne 140: La classe SToolBox.SCommand du contrôle Cmd_Cancel n'est pas une classe de contrôle chargée.
Ligne 240: La classe SToolBox.SGrid du contrôle Grid_DetPlanning n'est pas une classe de contrôle chargée.
Ligne 264: La classe SToolBox.SCommand du contrôle Cmd_Vehicule n'est pas une classe de contrôle chargée.
Ligne 286: La classe SToolBox.SCommand du contrôle Cmd_Conducteur n'est pas une classe de contrôle chargée.
Ligne 308: La classe SToolBox.SCommand du contrôle Cmd_AddNew n'est pas une classe de contrôle chargée.
Ligne 329: La classe SToolBox.SCommand du contrôle Cmd_AddPlanning n'est pas une classe de contrôle chargée.
Ligne 352: La classe SToolBox.SBiCombo du contrôle cbo_conducteur n'est pas une classe de contrôle chargée.
Ligne 371: La classe SToolBox.SBiCombo du contrôle cbo_vehicule n'est pas une classe de contrôle chargée.
Ligne 390: La classe SToolBox.SCommand du contrôle Cmd_Edit n'est pas une classe de contrôle chargée.
Ligne 412: La classe SToolBox.SCommand du contrôle Cmd_Ok n'est pas une classe de contrôle chargée.
Ligne 434: La classe SToolBox.SCommand du contrôle CmdDelete n'est pas une classe de contrôle chargée.
Ligne 547: La classe SToolBox.SCommand du contrôle Cmd_Cog n'est pas une classe de contrôle chargée.
Ligne 566: La classe SToolBox.SCommand du contrôle Cmd_Rep n'est pas une classe de contrôle chargée.
Ligne 586: La classe SToolBox.SCommand du contrôle Cmd_Repos n'est pas une classe de contrôle chargée.
Ligne 605: La classe SToolBox.SCommand du contrôle Cmd_Conge n'est pas une classe de contrôle chargée.
Ligne 672: La classe MSComCtl2.MonthView du contrôle MonthView n'est pas une classe de contrôle chargée.
Ligne 766: La classe SToolBox.SGrid du contrôle Grid_Conge n'est pas une classe de contrôle chargée.
Ligne 793: La classe SToolBox.SGrid du contrôle Grid_Repos n'est pas une classe de contrôle chargée.
Ligne 820: La classe SToolBox.SGrid du contrôle Grid_Planning n'est pas une classe de contrôle chargée.
Ligne 863: La classe MSComCtl2.DTPicker du contrôle Cda_DebutPlg n'est pas une classe de contrôle chargée.
Ligne 884: La classe MSComCtl2.DTPicker du contrôle Cda_FinPlg n'est pas une classe de contrôle chargée.
Ligne 950: La classe SToolBox.SCommand du contrôle Cmd_precd n'est pas une classe de contrôle chargée.
